<?xml version="1.0" encoding="UTF-8"?>
<testsuite name="TestCommunication" tests="1" skipped="0" failures="0" errors="0" timestamp="2020-10-29T13:23:13" hostname="DESKTOP-TU109S3" time="10.628">
  <properties/>
  <testcase name="communicationsTest" classname="TestCommunication" time="10.628"/>
  <system-out><![CDATA[Socket[addr=/192.168.178.38,port=9012,localport=56178]

738
1

738
1

738
1

738
1

738
1

737
1

737
1

738
1

738
1

735
1
]]></system-out>
  <system-err><![CDATA[]]></system-err>
</testsuite>
