<?xml version="1.0" encoding="UTF-8"?>
<testsuite name="TestLog" tests="1" skipped="0" failures="0" errors="0" timestamp="2020-10-22T13:05:21" hostname="DESKTOP-TU109S3" time="142.179">
  <properties/>
  <testcase name="testLogs" classname="TestLog" time="142.179"/>
  <system-out><![CDATA[]]></system-out>
  <system-err><![CDATA[]]></system-err>
</testsuite>
