<?xml version="1.0" encoding="UTF-8"?>
<testsuite name="TestLog" tests="1" skipped="0" failures="0" errors="0" timestamp="2020-10-21T21:08:25" hostname="DESKTOP-TU109S3" time="0.018">
  <properties/>
  <testcase name="testLogs" classname="TestLog" time="0.018"/>
  <system-out><![CDATA[]]></system-out>
  <system-err><![CDATA[]]></system-err>
</testsuite>
