<?xml version="1.0" encoding="UTF-8"?>
<testsuite name="TestCommunication" tests="1" skipped="0" failures="0" errors="0" timestamp="2020-10-27T18:33:42" hostname="DESKTOP-TU109S3" time="193.557">
  <properties/>
  <testcase name="communicationsTest" classname="TestCommunication" time="193.557"/>
  <system-out><![CDATA[Socket[addr=/192.168.178.38,port=9012,localport=61822]

835
1

835
1

835
1

836
1

835
1

836
1

835
1

835
1

835
1

835
1

836
1

833
1

836
1

835
1

835
1

836
1

836
1

835
1

835
1

833
1

836
1

836
1

833
1

835
1

835
1

835
1

836
1

836
1

835
1

835
1

835
1

836
1

833
1

836
1

835
1

835
1

835
1

835
1

835
1

833
1

835
1

835
1

835
1

836
1

833
1

835
1

836
1

835
1

835
1

835
1

836
1

833
1

835
1

836
1

835
1

836
1

835
1

836
1

833
1

836
1

835
1

835
1

836
1

835
1

836
1

835
1

835
1

835
1

835
1

835
1

836
1

835
1

836
1

833
1

836
1

836
1

833
1

836
1

836
1

835
1

835
1

835
1

835
1

836
1

836
1

833
1

836
1

835
1

835
1

836
1

833
1

836
1

836
1

835
1

835
1

832
1

836
1

836
1

835
1

836
1

833
1

835
1

836
1

833
1

835
1

835
1

835
1

835
1

833
1

836
1

836
1

833
1

835
1

835
1

835
1

835
1

835
1

836
1

833
1

836
1

836
1

835
1

835
1

833
1

836
1

835
1

835
1

836
1

833
1

836
1

835
1

836
1

836
1

835
1

836
1

832
1

836
1

835
1

835
1

836
1

836
1

835
1

835
1

833
1

836
1

836
1

833
1

835
1

835
1

835
1

836
1

833
1

836
1

833
1

836
1

835
1

835
1

836
1

833
1

836
1

833
1

836
1

836
1

835
1

835
1

833
1

836
1

835
1

835
1

835
1

835
1

833
1

836
1

835
1

835
1

836
1

833
1

836
1

835
1

836
1

835
1

833
1

835
1

836
1

835
1

835
1

835
1

835
1

835
1

835
1

836
1

833
1

836
1

833
1

836
1

835
1

833
1

835
1

835
1

833
1

836
1

836
1

835
1

835
1

835
1

835
1

836
1

835
1

836
1

833
1

836
1

833
1

835
1

836
1

833
1

836
1

835
1

835
1

836
1

836
1

835
1

836
1

835
1

835
1

833
1

835
1

833
1

835
1

836
1

833
1

836
1

833
1

836
1

836
1

835
1

836
1

835
1

835
1

835
1

836
1

835
1

836
1

835
1

836
1

835
1

833
1

835
1

836
1

836
1

835
1

835
1

833
1

836
1

835
1

835
1

836
1

833
1

836
1

836
1

833
1

836
1

833
1

836
1

836
1

833
1

836
1

835
1

836
1

835
1

835
1

836
1

833
1

836
1

836
1

835
1

836
1

835
1

835
1

835
1

833
1

836
1

832
1

836
1

836
1

833
1

835
1

835
1

835
1

836
1

833
1

835
1

835
1

836
1

836
1

835
1

835
1

833
1

836
1

833
1

836
1

835
1

835
1

836
1

836
1

835
1

836
1

833
1

836
1

835
1

836
1

835
1

833
1

836
1

836
1

835
1

836
1

835
1

836
1

836
1

835
1

836
1

833
1

835
1

836
1

835
1

837
1

835
1

835
1

836
1

835
1

833
1

836
1

833
1

835
1

835
1

833
1

836
1

833
1

836
1

833
1

836
1

836
1

833
1

836
1

836
1

833
1

836
1

833
1

836
1

835
1

833
1

836
1

833
1

835
1

836
1

835
1

836
1

833
1

836
1

833
1

836
1

836
1

835
1

835
1

833
1

836
1

833
1

836
1

836
1

833
1

836
1

835
1

835
1

836
1

833
1

836
1

833
1

836
1

836
1

833
1

836
1

835
1

836
1

836
1

833
1

836
1

833
1

836
1

835
1

836
1

836
1

836
1

835
1

836
1

833
1

836
1

835
1

835
1

836
1

833
1

835
1

833
1

836
1

836
1

835
1

836
1

835
1

835
1

836
1

836
1

835
1

835
1

836
1

835
1

836
1

833
1

836
1

836
1

833
1

836
1

833
1

835
1

833
1

836
1

836
1

833
1

836
1

836
1

835
1

836
1

835
1

836
1

833
1

836
1

836
1

835
1

837
1

835
1

836
1

836
1

833
1

836
1

835
1

835
1

835
1

835
1

837
1

833
1

836
1

833
1

835
1

836
1

833
1

836
1

835
1

836
1

833
1

835
1

836
1

833
1

836
1

833
1

836
1

836
1

835
1

836
1

833
1

836
1

835
1

833
1

836
1

836
1

835
1

836
1

833
1

835
1

833
1

836
1

836
1

835
1

835
1

833
1

836
1

836
1

835
1

836
1

833
1

836
1

833
1

836
1

836
1

833
1

836
1

833
1

836
1

832
1

836
1

836
1

833
1

836
1

833
1

836
1

836
1

833
1

836
1

833
1

836
1

833
1

836
1

836
1

833
1

836
1

835
1

836
1

836
1

833
1

835
1

833
1

836
1

836
1

833
1

835
1

833
1

835
1

835
1

835
1

835
1

833
1

836
1

835
1

835
1

836
1

833
1

836
1

833
1

836
1

835
1

833
1

836
1

835
1

836
1

833
1

836
1

835
1

833
1

836
1

833
1

836
1

836
1

835
1

836
1

833
1

835
1

833
1

836
1

836
1

835
1

836
1

833
1

835
1

833
1

836
1

836
1

833
1

836
1

835
1

836
1

836
1

833
1

836
1

833
1

836
1

833
1

836
1

836
1

836
1

833
1

836
1

833
1

836
1

833
1

836
1

835
1

835
1

836
1

833
1

836
1

833
1

836
1

836
1

833
1

836
1

836
1

833
1

836
1

836
1

833
1

836
1

833
1

836
1

836
1

833
1

836
1

833
1

836
1

836
1

835
1

835
1

833
1

835
1

833
1

835
1

835
1

833
1

835
1

832
1

836
1

833
1

836
1

836
1

833
1

836
1

835
1

836
1

833
1

836
1

835
1

833
1

836
1

836
1

835
1

836
1

833
1

836
1

836
1

833
1

836
1

833
1

836
1

835
1

835
1

836
1

833
1

835
1

833
1

836
1

836
1

835
1

835
1

833
1

835
1

833
1

835
1

835
1

833
1

836
1

835
1

835
1

835
1

836
1

833
1

836
1

836
1

835
1

836
1

833
1

835
1

833
1

836
1

836
1

833
1

835
1

835
1

833
1

836
1

833
1

836
1

836
1

833
1

836
1

833
1

836
1

833
1

836
1

835
1

833
1

836
1

833
1

835
1

833
1

835
1

836
1

833
1

835
1

833
1

836
1

836
1

833
1

835
1

836
1

833
1

836
1

833
1

835
1

835
1

835
1

836
1

833
1

835
1

836
1

833
1

835
1

836
1

833
1

836
1

833
1

835
1

835
1

833
1

836
1

835
1

836
1

836
1

833
1

836
1

833
1

836
1

833
1

836
1

836
1

833
1

835
1

833
1

836
1

833
1

836
1

836
1

835
1

835
1

833
1

836
1

836
1

833
1

836
1

836
1

833
1

836
1

833
1

835
1

835
1

833
1

836
1

835
1

833
1

836
1

833
1

836
1

833
1

836
1

836
1

835
1

836
1

835
1

833
1

835
1

833
1

835
1

836
1

833
1

836
1

833
1

836
1

836
1

833
1

836
1

836
1

835
1

835
1

833
1

836
1

835
1

836
1

836
1

833
1

836
1

835
1

835
1

836
1

833
1

835
1

833
1

836
1

833
1

836
1

836
1

833
1

835
1

833
1

836
1

835
1

833
1

836
1

835
1

833
1

836
1

835
1

833
1

836
1

836
1

833
1

836
1

833
1

835
1

835
1

833
1

836
1

833
1

836
1

836
1

833
1

836
1

836
1

833
1

836
1

835
1

835
1

836
1

833
1

836
1

833
1

835
1

836
1

833
1

836
1

835
1

836
1

836
1

833
1

836
1

836
1

833
1

835
1

835
1

835
1

836
1

833
1

835
1

833
1

835
1

835
1

835
1

836
1

833
1

835
1

836
1

833
1

836
1

836
1

835
1

836
1

833
1

836
1

835
1

833
1

836
1

833
1

836
1

835
1

833
1

836
1

833
1

835
1

833
1

836
1

835
1

833
1

835
1

836
1

833
1

836
1

833
1

835
1

836
1

833
1

836
1

833
1

835
1

833
1

835
1

836
1

835
1

836
1

833
1

836
1

835
1

833
1

836
1

833
1

836
1

835
1

836
1

836
1

835
1

833
1

835
1

835
1

836
1

836
1

833
1

835
1

833
1

835
1

835
1

833
1

835
1

833
1

835
1

836
1

833
1

836
1

833
1

835
1

835
1

835
1

836
1

833
1

836
1

833
1

835
1

835
1

836
1

836
1

833
1

836
1

835
1

833
1

835
1

833
1

836
1

833
1

836
1

836
1

833
1

836
1

836
1

835
1

835
1

835
1

835
1

836
1

835
1

833
1

835
1

835
1

835
1

835
1

835
1

835
1

833
1

836
1

835
1

833
1

835
1

833
1

836
1

835
1

836
1

835
1

833
1

835
1

833
1

835
1

835
1

835
1

835
1

833
1

835
1

835
1

833
1

835
1

835
1

836
1

836
1

833
1

835
1

836
1

836
1

833
1

835
1

835
1

835
1

833
1

835
1

836
1

833
1

835
1

833
1

835
1

835
1

836
1

836
1

833
1

835
1

835
1

835
1

835
1

836
1

836
1

832
1

836
1

833
1

836
1

835
1

836
1

833
1

836
1

833
1

836
1

835
1

836
1

835
1

833
1

835
1

835
1

836
1

835
1

833
1

836
1

835
1

836
1

836
1

833
1

836
1

833
1

835
1

835
1

835
1

836
1

833
1

836
1

833
1

835
1

835
1

835
1

836
1

833
1

836
1

836
1

835
1

836
1

833
1

836
1

836
1

833
1

836
1

835
1

836
1

835
1

835
1

836
1

835
1

835
1

836
1

833
1

836
1

835
1

836
1

833
1

836
1

833
1

835
1

835
1

836
1

836
1

833
1

836
1

833
1

836
1

835
1

836
1

836
1

835
1

835
1

835
1

835
1

835
1

833
1

836
1

833
1

835
1

835
1

833
1

835
1

833
1

835
1

835
1

835
1

835
1

833
1

836
1

835
1

836
1

836
1

835
1

836
1

836
1

835
1

836
1

833
1

835
1

835
1

835
1

836
1

833
1

836
1

836
1

833
1

835
1

835
1

836
1

836
1

833
1

836
1

835
1

835
1

835
1

835
1

836
1

833
1

836
1

835
1

835
1

836
1

835
1

835
1

835
1

833
1

835
1

835
1

836
1

835
1

833
1

835
1

833
1

835
1

835
1

836
1

835
1

835
1

835
1

835
1

835
1

833
1

835
1

835
1

836
1

836
1

833
1

835
1

835
1

836
1

835
1

833
1

835
1

833
1

836
1

835
1

836
1

836
1

833
1

835
1

835
1

835
1

835
1

835
1

836
1

833
1

836
1

835
1

833
1

835
1

835
1

836
1

836
1

833
1

836
1

835
1

836
1

835
1

833
1

835
1

833
1

835
1

835
1

836
1

835
1

835
1

836
1

835
1

836
1

835
1

836
1

836
1

833
1

836
1

835
1

835
1

835
1

835
1

835
1

833
1

836
1

835
1

835
1

836
1

835
1

836
1

835
1

833
1

835
1

835
1

836
1

835
1

836
1

836
1

835
1

835
1

835
1

833
1

836
1

836
1

833
1

836
1

836
1

833
1

836
1

833
1

836
1

835
1

836
1

836
1

833
1

835
1

835
1

836
1

836
1

833
1

836
1

833
1

835
1

835
1

835
1

836
1

835
1

836
1

835
1

836
1

836
1

833
1

835
1

835
1

836
1

835
1

836
1

835
1

835
1

835
1

835
1

835
1

835
1

835
1

836
1

835
1

836
1

835
1

833
1

836
1

833
1

835
1

835
1

836
1

835
1

835
1

836
1

835
1

833
1

836
1

835
1

835
1

835
1

833
1

836
1

836
1

833
1

836
1

835
1

835
1

835
1

833
1

836
1

835
1

836
1

835
1

833
1

836
1

835
1

835
1

836
1

833
1

835
1

835
1

836
1

836
1

835
1

835
1

836
1

835
1

836
1

835
1

836
1

835
1

835
1

836
1

835
1

835
1

835
1

835
1

836
1

836
1

833
1

836
1

835
1

835
1

835
1

833
1

836
1

835
1

835
1

835
1

835
1

835
1

835
1

836
1

836
1

833
1

837
1

835
1

836
1

836
1

833
1

836
1

835
1

835
1

836
1

835
1

835
1

835
1

835
1

835
1

835
1

836
1

835
1

835
1

835
1

835
1

836
1

835
1

835
1

835
1

835
1

835
1

835
1

836
1

835
1

833
1

836
1

835
1

836
1

836
1

835
1

836
1

835
1

836
1

836
1

835
1

836
1

835
1

833
1

836
1

835
1

835
1

835
1

836
1

836
1

836
1

835
1

835
1

835
1

836
1

835
1

835
1

835
1

836
1

833
1

836
1

833
1

836
1

835
1

835
1

835
1

835
1

836
1

835
1

835
1

835
1

836
1

835
1

835
1

836
1

835
1

836
1

835
1

833
1

835
1

835
1

836
1

835
1

836
1

835
1

835
1

836
1

835
1

835
1

835
1

835
1

835
1

835
1

835
1

836
1

833
1

835
1

835
1

835
1

835
1

835
1

836
1

835
1

836
1

835
1

835
1

836
1

835
1

836
1

835
1

836
1

835
1

835
1

835
1

833
1

836
1

835
1

835
1

835
1

836
1

836
1

835
1

835
1

835
1

835
1

835
1

836
1

836
1

833
1

836
1

835
1

836
1

837
1

836
1

835
1

836
1

835
1

835
1

835
1

835
1

836
1

835
1

835
1

835
1

835
1

836
1

835
1

833
1

836
1

835
1

833
1

836
1

835
1

835
1

835
1

833
1

835
1

835
1

836
1

836
1

835
1

836
1

836
1

835
1

835
1

835
1

836
1

835
1

835
1

836
1

835
1

835
1

836
1

835
1

835
1

835
1

835
1

835
1

833
1

836
1

835
1

836
1

836
1

833
1

836
1

835
1

835
1

836
1

835
1

835
1

833
1

835
1

835
1

836
1

835
1

836
1

836
1

833
1

835
1

835
1

835
1

835
1

836
1

835
1

835
1

835
1

835
1

836
1

836
1

835
1

835
1

835
1

836
1

836
1

836
1

835
1

836
1

835
1

835
1

835
1

835
1

836
1

835
1

835
1

835
1

835
1

836
1

835
1

836
1

835
1

833
1

835
1

835
1

833
1

835
1

835
1

835
1

835
1

836
1

835
1

835
1

836
1

835
1

835
1

835
1

835
1

836
1

835
1

836
1

836
1

835
1

835
1

835
1

835
1

835
1

835
1

836
1

835
1

835
1

836
1

835
1

835
1

836
1

835
1

836
1

835
1

835
1

835
1

836
1

835
1

835
1

836
1

835
1

836
1

836
1

835
1

836
1

835
1

836
1

835
1

836
1

835
1

835
1

836
1

835
1

835
1

835
1

833
1

835
1

835
1

835
1

836
1

835
1

836
1

835
1

835
1

836
1

835
1

835
1

835
1

835
1

836
1

835
1

835
1

836
1

835
1

836
1

835
1

836
1

835
1

833
1

835
1

835
1

836
1

836
1

835
1

836
1

835
1

836
1

835
1

835
1

836
1

835
1

835
1

836
1

835
1

836
1

835
1

836
1

835
1

835
1

836
1

835
1

836
1

835
1

835
1

835
1

835
1

836
1

836
1

835
1

835
1

835
1

836
1

836
1

835
1

836
1

835
1

836
1

836
1

836
1

835
1

836
1

835
1

836
1

835
1

835
1

835
1

835
1

836
1

836
1

835
1

836
1

835
1

835
1

835
1

835
1

836
1

835
1

836
1

835
1

835
1

836
1

835
1

835
1

836
1

835
1

836
1

835
1

835
1

836
1

835
1

836
1

836
1

835
1

836
1

835
1

836
1

836
1

835
1

836
1

835
1

836
1

835
1

836
1

835
1

835
1

836
1

835
1

836
1

836
1

835
1

836
1

835
1

835
1

835
1

836
1

836
1

835
1

836
1

835
1

836
1

835
1

836
1

836
1

835
1

836
1

835
1

833
1

836
1

835
1

836
1

835
1

835
1

835
1

835
1

836
1

835
1

833
1

836
1

835
1

836
1

835
1

835
1

835
1

835
1

836
1

835
1

836
1

836
1

835
1

836
1

835
1

836
1

835
1

836
1

836
1

835
1

836
1

836
1

835
1

836
1

835
1

836
1

836
1

835
1

836
1

836
1

835
1

836
1

835
1

836
1

835
1

836
1

836
1

835
1

836
1

835
1

836
1

836
1

835
1

836
1

835
1

836
1

835
1

836
1

836
1

835
1

836
1

836
1

835
1

836
1

835
1

835
1

836
1

835
1

836
1

836
1

835
1

835
1

835
1

836
1

835
1

836
1

836
1

835
1

836
1

835
1

835
1

835
1

835
1

836
1

835
1

835
1

835
1

836
1

835
1

836
1

836
1

835
1

836
1

835
1

836
1

836
1

835
1

836
1

835
1

835
1

835
1

836
1

836
1

835
1

836
1

835
1

836
1

835
1

835
1

836
1

835
1

836
1

835
1

835
1

835
1

835
1

836
1

836
1

835
1

836
1

835
1

836
1

836
1

835
1

835
1

835
1

835
1

836
1

836
1

835
1

835
1

835
1

836
1

836
1

835
1

835
1

835
1

836
1

836
1

835
1

835
1

835
1

836
1

836
1

835
1

836
1

835
1

836
1

835
1

836
1

837
1

835
1

835
1

836
1

835
1

836
1

835
1

836
1

835
1

836
1

836
1

835
1

836
1

835
1

836
1

835
1

836
1

836
1

835
1

836
1

835
1

835
1

836
1

835
1

836
1

835
1

836
1

835
1

836
1

836
1

835
1

836
1

835
1

836
1

835
1

836
1

836
1

835
1

836
1

835
1

836
1

835
1

835
1

836
1

835
1

835
1

836
1

835
1

835
1

835
1

835
1

835
1

836
1

836
1

835
1

835
1

836
1

835
1

836
1

835
1

835
1

835
1

836
1

836
1

835
1

836
1

835
1

836
1

836
1

835
1

836
1

835
1

836
1

835
1

836
1

835
1

835
1

835
1

835
1

836
1

836
1

835
1

836
1

835
1

837
1

836
1

835
1

836
1

835
1

836
1

835
1

836
1

835
1

835
1

835
1

835
1

835
1

836
1

835
1

836
1

835
1

836
1

835
1

835
1

836
1

835
1

836
1

835
1

836
1

837
1

835
1

836
1

836
1

835
1

836
1

835
1

836
1

836
1

835
1

836
1

836
1

835
1

835
1

835
1

836
1

835
1

836
1

835
1

836
1

836
1

835
1

836
1

835
1

836
1

835
1

836
1

836
1

835
1

836
1

835
1

836
1

836
1

836
1

836
1

836
1

835
1

836
1

835
1

836
1

836
1

835
1

836
1

835
1

836
1

836
1

835
1

836
1

835
1

836
1

835
1

837
1

836
1

835
1

836
1

835
1

836
1

836
1

835
1

836
1

835
1

836
1

836
1

835
1

836
1

835
1

836
1

836
1

835
1

836
1

835
1

835
1

835
1

836
1

836
1

835
1

836
1

835
1

836
1

836
1

835
1

835
1

835
1

835
1

835
1

837
1

836
1

835
1

836
1

835
1

836
1

835
1

836
1

835
1

835
1

836
1

835
1

836
1

836
1

835
1

835
1

835
1

837
1

835
1

836
1

836
1

835
1

836
1

836
1

835
1

836
1

836
1

835
1

836
1

836
1

835
1

836
1

835
1

836
1

836
1

835
1

836
1

835
1

836
1

835
1

836
1

836
1

835
1

836
1

836
1

835
1

836
1

835
1

836
1

836
1

835
1

836
1

835
1

836
1

836
1

835
1

835
1

835
1

836
1

836
1

835
1

836
1

835
1

836
1

836
1

835
1

836
1

833
1

836
1

836
1

835
1

836
1

835
1

835
1

835
1

836
1

836
1

835
1

837
1

835
1

836
1

835
1

835
1

835
1

835
1

836
1

835
1

835
1

836
1

835
1

836
1

835
1

836
1

836
1

835
1

836
1

835
1

837
1

833
1

837
1

836
1

835
1

836
1

836
1

835
1

836
1

835
1

836
1

836
1

836
1

835
1

836
1

833
1

836
1

836
1

835
1

836
1

835
1

836
1

835
1

836
1

836
1

835
1

836
1

835
1

836
1

836
1

835
1

835
1

835
1

836
1

835
1

836
1

836
1

835
1

836
1

835
1

836
1

835
1

836
1

836
1

835
1

836
1

835
1

837
1

836
1

835
1

836
1

835
1

836
1

835
1

835
1

836
1

835
1

836
1

833
1

836
1

837
1

835
1

836
1

835
1

836
1

836
1

835
1

836
1

836
1

835
1

836
1

835
1

836
1

836
1

835
1

836
1

835
1

836
1

835
1

835
1

835
1

835
1

836
1

836
1

835
1

836
1

835
1

836
1

836
1

835
1

836
1

835
1

836
1

835
1

836
1

836
1

833
1

836
1

836
1

835
1

836
1

836
1

835
1

837
1

836
1

835
1

836
1

835
1

836
1

836
1

835
1

836
1

835
1

837
1

836
1

835
1

836
1

835
1

836
1

833
1

837
1

836
1

835
1

836
1

835
1

836
1

835
1

837
1

836
1

835
1

836
1

836
1

835
1

836
1

835
1

836
1

836
1

835
1

836
1

833
1

836
1

836
1

835
1

835
1

835
1

836
1

836
1

835
1

836
1

835
1

837
1

836
1

835
1

836
1

835
1

837
1

836
1

835
1

836
1

835
1

837
1

835
1

835
1

836
1

835
1

836
1

837
1

835
1

836
1

835
1

836
1

836
1

835
1

836
1

835
1

836
1

836
1

836
1

835
1

835
1

835
1

837
1

836
1

835
1

837
1

835
1

835
1

835
1

836
1

836
1

835
1

836
1

833
1

836
1

836
1

835
1

837
1

835
1

837
1

836
1

835
1

836
1

835
1

836
1

835
1

836
1

837
1

835
1

837
1

835
1

836
1

833
1

836
1

836
1

835
1

836
1

836
1

835
1

836
1

835
1

836
1

835
1

836
1

836
1

835
1

837
1

836
1

835
1

836
1

835
1

836
1

835
1

836
1

837
1

835
1

836
1

833
1

836
1

836
1

835
1

837
1

835
1

837
1

836
1

835
1

836
1

835
1

836
1

837
1

835
1

836
1

835
1

836
1

836
1

835
1

836
1

835
1

836
1

836
1

835
1

836
1

836
1

835
1

837
1

835
1

837
1

833
1

836
1

836
1

835
1

836
1

835
1

836
1

833
1

836
1

836
1

835
1

836
1

835
1

837
1

836
1

835
1

836
1

835
1

836
1

833
1

837
1

837
1

833
1

837
1

836
1

835
1

836
1

836
1

835
1

837
1

835
1

836
1

836
1

835
1

836
1

835
1

836
1

833
1

836
1

836
1

835
1

836
1

835
1

836
1

836
1

835
1

837
1

835
1

836
1

836
1

835
1

837
1

835
1

836
1

836
1

835
1

837
1

836
1

835
1

836
1

835
1

836
1

833
1

837
1

837
1

833
1

837
1

836
1

835
1

836
1

837
1

835
1

836
1

833
1

837
1

836
1

835
1

836
1

833
1

836
1

833
1

836
1

836
1

835
1

836
1

835
1

836
1

836
1

835
1

836
1

836
1

835
1

836
1

835
1

836
1

836
1

835
1

836
1

835
1

837
1

833
1

837
1

836
1

835
1

836
1

835
1

836
1

836
1

835
1

837
1

833
1

836
1

836
1

835
1

836
1

833
1

836
1

836
1

835
1

836
1

833
1

836
1

836
1

835
1

837
1

833
1

836
1

836
1

835
1

836
1

833
1

836
1

836
1

835
1

837
1

833
1

836
1

833
1

836
1

836
1

835
1

837
1

833
1

836
1

836
1

833
1

836
1

835
1

836
1

836
1

835
1

836
1

835
1

837
1

837
1

835
1

836
1

835
1

837
1

833
1

836
1

836
1

835
1

836
1

835
1

836
1

836
1

835
1

836
1

833
1

836
1

836
1

835
1

836
1

835
1

835
1

836
1

833
1

836
1

836
1

835
1

836
1

833
1

836
1

833
1

837
1

836
1

835
1

836
1

833
1

836
1

836
1

835
1

836
1

835
1

837
1

835
1

836
1

836
1

835
1

836
1

833
1

837
1

836
1

835
1

836
1

833
1

836
1

836
1

835
1

836
1

833
1

836
1

836
1

835
1

836
1

833
1

837
1

836
1

835
1

836
1

835
1

836
1

833
1

836
1

836
1

835
1

836
1

833
1

836
1

837
1

833
1

836
1

837
1

835
1

836
1

833
1

836
1

836
1

835
1

836
1

833
1

836
1

836
1

835
1

836
1

835
1

836
1

836
1

835
1

836
1

833
1

836
1

836
1

835
1

836
1

835
1

836
1

833
1

836
1

836
1

835
1

836
1

835
1

836
1

833
1

836
1

835
1

835
1

836
1

833
1

836
1

836
1

835
1

836
1

833
1

836
1

833
1

836
1

836
1

835
1

836
1

833
1

836
1

833
1

836
1

836
1

835
1

837
1

833
1

836
1

836
1

835
1

837
1

833
1

836
1

836
1

835
1

836
1

835
1

836
1

833
1

836
1

836
1

835
1

837
1

833
1

836
1

833
1

836
1

836
1

835
1

836
1

835
1

836
1

833
1

836
1

836
1

833
1

836
1

836
1

836
1

836
1

835
1

836
1

835
1

837
1

833
1

836
1

836
1

835
1

837
1

833
1

836
1

833
1

836
1

836
1

835
1

836
1

833
1

836
1

833
1

836
1

836
1

835
1

836
1

833
1

837
1

836
1

835
1

836
1

833
1

836
1

836
1

835
1

836
1

833
1

836
1

836
1

835
1

836
1

833
1

836
1

836
1

835
1

836
1

835
1

837
1

833
1

836
1

836
1

835
1

837
1

833
1

836
1

833
1

836
1

837
1

833
1

836
1

836
1

835
1

836
1

833
1

836
1

835
1

835
1

836
1

835
1

836
1

836
1

833
1

836
1

837
1

833
1

836
1

835
1

836
1

836
1

833
1

836
1

833
1

836
1

836
1

836
1

835
1

836
1

835
1

836
1

833
1

837
1

833
1

836
1

836
1

833
1

836
1

833
1

836
1

836
1

835
1

837
1

833
1

836
1

833
1

837
1

837
1

835
1

836
1

833
1

837
1

833
1

836
1

836
1

835
1

836
1

833
1

836
1

836
1

835
1

836
1

833
1

836
1

837
1

833
1

836
1

836
1

835
1

837
1

833
1

836
1

836
1

835
1

836
1

835
1

836
1

836
1

833
1

837
1

833
1

836
1

836
1

835
1

836
1

837
1

835
1

837
1

836
1

835
1

837
1

835
1

836
1

835
1

835
1

836
1

833
1

837
1

836
1

836
1

836
1

833
1

836
1

833
1

836
1

836
1

835
1

836
1

836
1

833
1

836
1

833
1

836
1

836
1

835
1

836
1

835
1

837
1

833
1

836
1

836
1

835
1

836
1

836
1

835
1

836
1

835
1

836
1

833
1

836
1

833
1

837
1

836
1

833
1

836
1

837
1

835
1

836
1

833
1

836
1

837
1

835
1

836
1

833
1

836
1

833
1

837
1

836
1

835
1

837
1

833
1

836
1

833
1
]]></system-out>
  <system-err><![CDATA[]]></system-err>
</testsuite>
