<?xml version="1.0" encoding="UTF-8"?>
<testsuite name="TestCommunication" tests="1" skipped="0" failures="0" errors="0" timestamp="2020-10-27T19:33:42" hostname="DESKTOP-TU109S3" time="0.834">
  <properties/>
  <testcase name="communicationsTest" classname="TestCommunication" time="0.834"/>
  <system-out><![CDATA[Socket[addr=/192.168.178.38,port=9012,localport=62646]

793
1

792
1

793
1

789
1

792
1

789
1

793
1

793
1

792
1

793
1
]]></system-out>
  <system-err><![CDATA[]]></system-err>
</testsuite>
